<?xml version="1.0" encoding="UTF-8"?>
<!-- Generated by org.testng.reporters.JUnitReportReporter -->
<testsuite hostname="C02T50BWG8WN.group.on" name="service.ApiInvokeService" tests="1" failures="0" timestamp="13 Jun 2017 11:55:11 GMT" time="2.088" errors="0">
  <testcase name="getRequestFindCapital" time="2.088" classname="service.ApiInvokeService"/>
</testsuite> <!-- service.ApiInvokeService -->
